<?xml version="1.0" encoding="UTF-8"?>
<!-- Generated by org.testng.reporters.JUnitReportReporter -->
<testsuite skipped="0" hostname="Adhrith" name="testCases.TestCase2" tests="1" failures="0" timestamp="12 Aug 2019 23:36:27 GMT" time="10.015" errors="0">
  <testcase name="Pwned" time="10.015" classname="testCases.TestCase2"/>
</testsuite> <!-- testCases.TestCase2 -->
