<?xml version="1.0" encoding="UTF-8"?>
<!-- Generated by org.testng.reporters.JUnitReportReporter -->
<testsuite skipped="0" hostname="Adhrith" name="testCases.TestCase1" tests="1" failures="0" timestamp="12 Aug 2019 23:36:27 GMT" time="10.608" errors="0">
  <testcase name="NotPwned" time="10.608" classname="testCases.TestCase1"/>
</testsuite> <!-- testCases.TestCase1 -->
